[proc] Executing command: /usr/bin/cmake --version
[proc] Executing command: /usr/bin/cmake -E capabilities
[variant] Loaded new set of variants
[proc] The command: ninja --version failed with error: Error: spawn ninja ENOENT
[proc] The command: ninja-build --version failed with error: Error: spawn ninja-build ENOENT
[main] Configuring project: learningC 
[proc] Executing command: /usr/bin/cmake --no-warn-unused-cli -DCMAKE_BUILD_TYPE:STRING=Debug -DCMAKE_EXPORT_COMPILE_COMMANDS:BOOL=TRUE -S/home/voxi0/Desktop/C/learningC -B/home/voxi0/Desktop/C/learningC/build -G "Unix Makefiles"
[cmake] Not searching for unused variables given on the command line.
[cmake] -- Configuring done (0.0s)
[cmake] -- Generating done (0.0s)
[cmake] -- Build files have been written to: /home/voxi0/Desktop/C/learningC/build
[main] Building folder: learningC all
[build] Starting build
[proc] Executing command: /usr/bin/cmake --build /home/voxi0/Desktop/C/learningC/build --config Debug --target all -j 6 --
[build] [ 50%] Building C object CMakeFiles/learningC.dir/src/main.c.o
[build] /home/voxi0/Desktop/C/learningC/src/main.c: In function ‘main’:
[build] /home/voxi0/Desktop/C/learningC/src/main.c:9:18: warning: initialization discards ‘const’ qualifier from pointer target type [-Wdiscarded-qualifiers]
[build]     9 |         int* p = &x;
[build]       |                  ^
[build] /home/voxi0/Desktop/C/learningC/src/main.c:17:1: error: expected ‘;’ before ‘}’ token
[build]    17 | }
[build]       | ^
[build] make[2]: *** [CMakeFiles/learningC.dir/build.make:76: CMakeFiles/learningC.dir/src/main.c.o] Error 1
[build] make[1]: *** [CMakeFiles/Makefile2:83: CMakeFiles/learningC.dir/all] Error 2
[build] make: *** [Makefile:91: all] Error 2
[proc] The command: /usr/bin/cmake --build /home/voxi0/Desktop/C/learningC/build --config Debug --target all -j 6 -- exited with code: 2
[driver] Build completed: 00:00:00.158
[build] Build finished with exit code 2
[main] Building folder: learningC all
[build] Starting build
[proc] Executing command: /usr/bin/cmake --build /home/voxi0/Desktop/C/learningC/build --config Debug --target all -j 6 --
[build] [ 50%] Building C object CMakeFiles/learningC.dir/src/main.c.o
[build] /home/voxi0/Desktop/C/learningC/src/main.c: In function ‘main’:
[build] /home/voxi0/Desktop/C/learningC/src/main.c:17:1: error: expected ‘;’ before ‘}’ token
[build]    17 | }
[build]       | ^
[build] make[2]: *** [CMakeFiles/learningC.dir/build.make:76: CMakeFiles/learningC.dir/src/main.c.o] Error 1
[build] make[1]: *** [CMakeFiles/Makefile2:83: CMakeFiles/learningC.dir/all] Error 2
[build] make: *** [Makefile:91: all] Error 2
[proc] The command: /usr/bin/cmake --build /home/voxi0/Desktop/C/learningC/build --config Debug --target all -j 6 -- exited with code: 2
[driver] Build completed: 00:00:00.113
[build] Build finished with exit code 2
[main] Building folder: learningC all
[build] Starting build
[proc] Executing command: /usr/bin/cmake --build /home/voxi0/Desktop/C/learningC/build --config Debug --target all -j 6 --
[build] [ 50%] Building C object CMakeFiles/learningC.dir/src/main.c.o
[build] [100%] Linking C executable learningC
[build] [100%] Built target learningC
[driver] Build completed: 00:00:00.210
[build] Build finished with exit code 0
[main] Building folder: learningC all
[build] Starting build
[proc] Executing command: /usr/bin/cmake --build /home/voxi0/Desktop/C/learningC/build --config Debug --target all -j 6 --
[build] [ 50%] Building C object CMakeFiles/learningC.dir/src/main.c.o
[build] /home/voxi0/Desktop/C/learningC/src/main.c: In function ‘main’:
[build] /home/voxi0/Desktop/C/learningC/src/main.c:9:18: warning: initialization discards ‘const’ qualifier from pointer target type [-Wdiscarded-qualifiers]
[build]     9 |         int* p = &x;
[build]       |                  ^
[build] [100%] Linking C executable learningC
[build] [100%] Built target learningC
[driver] Build completed: 00:00:00.221
[build] Build finished with exit code 0
[main] Building folder: learningC all
[build] Starting build
[proc] Executing command: /usr/bin/cmake --build /home/voxi0/Desktop/C/learningC/build --config Debug --target all -j 6 --
[build] [100%] Built target learningC
[driver] Build completed: 00:00:00.120
[build] Build finished with exit code 0
[main] Building folder: learningC all
[build] Starting build
[proc] Executing command: /usr/bin/cmake --build /home/voxi0/Desktop/C/learningC/build --config Debug --target all -j 6 --
[build] [ 50%] Building C object CMakeFiles/learningC.dir/src/main.c.o
[build] /home/voxi0/Desktop/C/learningC/src/main.c: In function ‘main’:
[build] /home/voxi0/Desktop/C/learningC/src/main.c:9:18: warning: initialization discards ‘const’ qualifier from pointer target type [-Wdiscarded-qualifiers]
[build]     9 |         int* p = &x;
[build]       |                  ^
[build] [100%] Linking C executable learningC
[build] [100%] Built target learningC
[driver] Build completed: 00:00:00.217
[build] Build finished with exit code 0
[main] Building folder: learningC all
[build] Starting build
[proc] Executing command: /usr/bin/cmake --build /home/voxi0/Desktop/C/learningC/build --config Debug --target all -j 6 --
[build] [ 50%] Building C object CMakeFiles/learningC.dir/src/main.c.o
[build] /home/voxi0/Desktop/C/learningC/src/main.c: In function ‘main’:
[build] /home/voxi0/Desktop/C/learningC/src/main.c:9:18: warning: initialization discards ‘const’ qualifier from pointer target type [-Wdiscarded-qualifiers]
[build]     9 |         int* p = &x;
[build]       |                  ^
[build] /home/voxi0/Desktop/C/learningC/src/main.c:9:14: warning: unused variable ‘p’ [-Wunused-variable]
[build]     9 |         int* p = &x;
[build]       |              ^
[build] [100%] Linking C executable learningC
[build] [100%] Built target learningC
[driver] Build completed: 00:00:00.213
[build] Build finished with exit code 0
[main] Building folder: learningC all
[build] Starting build
[proc] Executing command: /usr/bin/cmake --build /home/voxi0/Desktop/C/learningC/build --config Debug --target all -j 6 --
[build] [ 50%] Building C object CMakeFiles/learningC.dir/src/main.c.o
[build] /home/voxi0/Desktop/C/learningC/src/main.c: In function ‘main’:
[build] /home/voxi0/Desktop/C/learningC/src/main.c:11:26: warning: comparison of integer expressions of different signedness: ‘int’ and ‘long unsigned int’ [-Wsign-compare]
[build]    11 |         for(int i = 0; i < sizeof(testArr) / sizeof(testArr[0]); i++) {
[build]       |                          ^
[build] [100%] Linking C executable learningC
[build] [100%] Built target learningC
[driver] Build completed: 00:00:00.232
[build] Build finished with exit code 0
[main] Building folder: learningC all
[build] Starting build
[proc] Executing command: /usr/bin/cmake --build /home/voxi0/Desktop/C/learningC/build --config Debug --target all -j 6 --
[build] [ 50%] Building C object CMakeFiles/learningC.dir/src/main.c.o
[build] /home/voxi0/Desktop/C/learningC/src/main.c: In function ‘main’:
[build] /home/voxi0/Desktop/C/learningC/src/main.c:11:26: warning: comparison of integer expressions of different signedness: ‘int’ and ‘long unsigned int’ [-Wsign-compare]
[build]    11 |         for(int i = 0; i < sizeof(testArr) / sizeof(testArr[0]); i++) {
[build]       |                          ^
[build] [100%] Linking C executable learningC
[build] [100%] Built target learningC
[driver] Build completed: 00:00:00.226
[build] Build finished with exit code 0
[main] Building folder: learningC all
[build] Starting build
[proc] Executing command: /usr/bin/cmake --build /home/voxi0/Desktop/C/learningC/build --config Debug --target all -j 6 --
[build] [ 50%] Building C object CMakeFiles/learningC.dir/src/main.c.o
[build] /home/voxi0/Desktop/C/learningC/src/main.c: In function ‘main’:
[build] /home/voxi0/Desktop/C/learningC/src/main.c:11:26: warning: comparison of integer expressions of different signedness: ‘int’ and ‘long unsigned int’ [-Wsign-compare]
[build]    11 |         for(int i = 0; i < (sizeof(testArr) / sizeof(testArr[0])); i++) {
[build]       |                          ^
[build] [100%] Linking C executable learningC
[build] [100%] Built target learningC
[driver] Build completed: 00:00:00.216
[build] Build finished with exit code 0
[main] Building folder: learningC all
[build] Starting build
[proc] Executing command: /usr/bin/cmake --build /home/voxi0/Desktop/C/learningC/build --config Debug --target all -j 6 --
[build] [ 50%] Building C object CMakeFiles/learningC.dir/src/main.c.o
[build] /home/voxi0/Desktop/C/learningC/src/main.c: In function ‘main’:
[build] /home/voxi0/Desktop/C/learningC/src/main.c:12:26: warning: comparison of integer expressions of different signedness: ‘int’ and ‘unsigned int’ [-Wsign-compare]
[build]    12 |         for(int i = 0; i < testArrSize; i++) {
[build]       |                          ^
[build] [100%] Linking C executable learningC
[build] [100%] Built target learningC
[driver] Build completed: 00:00:00.229
[build] Build finished with exit code 0
[main] Building folder: learningC all
[build] Starting build
[proc] Executing command: /usr/bin/cmake --build /home/voxi0/Desktop/C/learningC/build --config Debug --target all -j 6 --
[build] [ 50%] Building C object CMakeFiles/learningC.dir/src/main.c.o
[build] [100%] Linking C executable learningC
[build] [100%] Built target learningC
[driver] Build completed: 00:00:00.269
[build] Build finished with exit code 0
